10:52:13 **** Incremental Build of configuration Debug for project assg6 ****
make -j12 all 
arm-none-eabi-gcc "../Src/main.c" -mcpu=cortex-m4 -std=gnu11 -g3 -DDEBUG -DSTM32 -DSTM32F407G_DISC1 -DSTM32F4 -DSTM32F407VGTx -c -I../Inc -O0 -ffunction-sections -fdata-sections -Wall -fstack-usage -fcyclomatic-complexity -MMD -MP -MF"Src/main.d" -MT"Src/main.o" --specs=nano.specs -mfpu=fpv4-sp-d16 -mfloat-abi=hard -mthumb -o "Src/main.o"
../Src/main.c:24:4: warning: #warning "FPU is not initialized, but the project is compiling for an FPU. Please initialize the FPU before use." [-Wcpp]
   24 |   #warning "FPU is not initialized, but the project is compiling for an FPU. Please initialize the FPU before use."
      |    ^~~~~~~
arm-none-eabi-gcc -o "assg6.elf" @"objects.list"   -mcpu=cortex-m4 -T"F:\assg 6\assg6\STM32F407VGTX_FLASH.ld" --specs=nosys.specs -Wl,-Map="assg6.map" -Wl,--gc-sections -static --specs=nano.specs -mfpu=fpv4-sp-d16 -mfloat-abi=hard -mthumb -Wl,--start-group -lc -lm -Wl,--end-group
C:/ST/STM32CubeIDE_1.19.0/STM32CubeIDE/plugins/com.st.stm32cube.ide.mcu.externaltools.gnu-tools-for-stm32.13.3.rel1.win32_1.0.0.202411081344/tools/bin/../lib/gcc/arm-none-eabi/13.3.1/../../../../arm-none-eabi/bin/ld.exe: ./Src/ext_intr.o:F:/assg 6/assg6/Debug/../Src/ext_intr.c:10: multiple definition of `ext_flag'; ./Src/-ext_intr.o:F:/assg 6/assg6/Debug/../Src/-ext_intr.c:10: first defined here
C:/ST/STM32CubeIDE_1.19.0/STM32CubeIDE/plugins/com.st.stm32cube.ide.mcu.externaltools.gnu-tools-for-stm32.13.3.rel1.win32_1.0.0.202411081344/tools/bin/../lib/gcc/arm-none-eabi/13.3.1/../../../../arm-none-eabi/bin/ld.exe: ./Src/ext_intr.o: in function `extint_init':
F:/assg 6/assg6/Debug/../Src/ext_intr.c:12: multiple definition of `extint_init'; ./Src/-ext_intr.o:F:/assg 6/assg6/Debug/../Src/-ext_intr.c:12: first defined here
C:/ST/STM32CubeIDE_1.19.0/STM32CubeIDE/plugins/com.st.stm32cube.ide.mcu.externaltools.gnu-tools-for-stm32.13.3.rel1.win32_1.0.0.202411081344/tools/bin/../lib/gcc/arm-none-eabi/13.3.1/../../../../arm-none-eabi/bin/ld.exe: ./Src/ext_intr.o: in function `EXTI0_IRQHandler':
F:/assg 6/assg6/Debug/../Src/ext_intr.c:44: multiple definition of `EXTI0_IRQHandler'; ./Src/-ext_intr.o:F:/assg 6/assg6/Debug/../Src/-ext_intr.c:44: first defined here
collect2.exe: error: ld returned 1 exit status
make: *** [makefile:63: assg6.elf] Error 1
"make -j12 all" terminated with exit code 2. Build might be incomplete.

10:52:14 Build Failed. 4 errors, 1 warnings. (took 1s.242ms)

