11:16:37 **** Build of configuration Debug for project Led_switch_exti0 ****
make -j12 all 
arm-none-eabi-gcc "../Src/main.c" -mcpu=cortex-m4 -std=gnu11 -g3 -DDEBUG -DSTM32 -DSTM32F407G_DISC1 -DSTM32F4 -DSTM32F407VGTx -c -I../Inc -O3 -ffunction-sections -fdata-sections -Wall -fstack-usage -fcyclomatic-complexity -MMD -MP -MF"Src/main.d" -MT"Src/main.o" --specs=nano.specs -mfpu=fpv4-sp-d16 -mfloat-abi=soft -mthumb -o "Src/main.o"
arm-none-eabi-gcc -o "Led_switch_exti0.elf" @"objects.list"   -mcpu=cortex-m4 -T"F:\sunbeam\New folder\IIT-08-A-ARM\Day-5\Led_Switch_EXTI_Volatile-2\STM32F407VGTX_FLASH.ld" --specs=nosys.specs -Wl,-Map="Led_switch_exti0.map" -Wl,--gc-sections -static --specs=nano.specs -mfpu=fpv4-sp-d16 -mfloat-abi=soft -mthumb -Wl,--start-group -lc -lm -Wl,--end-group
C:/ST/STM32CubeIDE_1.19.0/STM32CubeIDE/plugins/com.st.stm32cube.ide.mcu.externaltools.gnu-tools-for-stm32.13.3.rel1.win32_1.0.0.202411081344/tools/bin/../lib/gcc/arm-none-eabi/13.3.1/../../../../arm-none-eabi/bin/ld.exe: ./Src/ext_intr.o: in function `extint_init':
F:/sunbeam/New folder/IIT-08-A-ARM/Day-5/Led_Switch_EXTI_Volatile-2/Debug/../Src/ext_intr.c:15: multiple definition of `extint_init'; ./Src/-ext_intr.o:F:/sunbeam/New folder/IIT-08-A-ARM/Day-5/Led_Switch_EXTI_Volatile-2/Debug/../Src/-ext_intr.c:15: first defined here
C:/ST/STM32CubeIDE_1.19.0/STM32CubeIDE/plugins/com.st.stm32cube.ide.mcu.externaltools.gnu-tools-for-stm32.13.3.rel1.win32_1.0.0.202411081344/tools/bin/../lib/gcc/arm-none-eabi/13.3.1/../../../../arm-none-eabi/bin/ld.exe: ./Src/ext_intr.o: in function `EXTI0_IRQHandler':
F:/sunbeam/New folder/IIT-08-A-ARM/Day-5/Led_Switch_EXTI_Volatile-2/Debug/../Src/ext_intr.c:48: multiple definition of `EXTI0_IRQHandler'; ./Src/-ext_intr.o:F:/sunbeam/New folder/IIT-08-A-ARM/Day-5/Led_Switch_EXTI_Volatile-2/Debug/../Src/-ext_intr.c:48: first defined here
C:/ST/STM32CubeIDE_1.19.0/STM32CubeIDE/plugins/com.st.stm32cube.ide.mcu.externaltools.gnu-tools-for-stm32.13.3.rel1.win32_1.0.0.202411081344/tools/bin/../lib/gcc/arm-none-eabi/13.3.1/../../../../arm-none-eabi/bin/ld.exe: ./Src/ext_intr.o:F:/sunbeam/New folder/IIT-08-A-ARM/Day-5/Led_Switch_EXTI_Volatile-2/Debug/../Src/ext_intr.c:10: multiple definition of `ext_flag'; ./Src/-ext_intr.o:F:/sunbeam/New folder/IIT-08-A-ARM/Day-5/Led_Switch_EXTI_Volatile-2/Debug/../Src/-ext_intr.c:10: first defined here
collect2.exe: error: ld returned 1 exit status
make: *** [makefile:63: Led_switch_exti0.elf] Error 1
"make -j12 all" terminated with exit code 2. Build might be incomplete.

11:16:38 Build Failed. 4 errors, 0 warnings. (took 1s.273ms)

